── Attaching core tidyverse packages ──────────────────────── tidyverse 2.0.0 ──
✔ dplyr     1.1.4     ✔ readr     2.1.5
✔ forcats   1.0.0     ✔ stringr   1.5.1
✔ ggplot2   4.0.1     ✔ tibble    3.3.0
✔ lubridate 1.9.4     ✔ tidyr     1.3.1
✔ purrr     1.2.0     
── Conflicts ────────────────────────────────────────── tidyverse_conflicts() ──
✖ dplyr::filter() masks stats::filter()
✖ dplyr::lag()    masks stats::lag()
ℹ Use the conflicted package (<http://conflicted.r-lib.org/>) to force all conflicts to become errors
── Attaching packages ────────────────────────────────────── tidymodels 1.4.1 ──
✔ broom        1.0.11     ✔ rsample      1.3.1 
✔ dials        1.4.2      ✔ tailor       0.1.0 
✔ infer        1.0.9      ✔ tune         2.0.1 
✔ modeldata    1.5.1      ✔ workflows    1.3.0 
✔ parsnip      1.3.3      ✔ workflowsets 1.1.1 
✔ recipes      1.3.1      ✔ yardstick    1.3.2 
── Conflicts ───────────────────────────────────────── tidymodels_conflicts() ──
✖ scales::discard() masks purrr::discard()
✖ dplyr::filter()   masks stats::filter()
✖ recipes::fixed()  masks stringr::fixed()
✖ dplyr::lag()      masks stats::lag()
✖ yardstick::spec() masks readr::spec()
✖ recipes::step()   masks stats::step()
Rows: 216602 Columns: 45
── Column specification ────────────────────────────────────────────────────────
Delimiter: ","
chr  (9): case_id, Primary address, Secondary address, rpt_street_name, rpt_...
dbl (29): ID, Crash ID, rpt_block_num, crash_speed_limit, latitude, longitud...
lgl  (7): crash_fatal_fl, road_constr_zone_fl, onsys_fl, private_dr_fl, Is d...

ℹ Use `spec()` to retrieve the full column specification for this data.
ℹ Specify the column types or set `show_col_types = FALSE` to quiet this message.
Warning message:
One or more parsing issues, call `problems()` on your data frame for details,
e.g.:
  dat <- vroom(...)
  problems(dat) 
i Fold01: preprocessor 1/1
i Fold01: preprocessor 1/1, model 1/25
i Fold01: preprocessor 1/1, model 1/25 (predictions)
i Fold01: preprocessor 1/1, model 2/25
i Fold01: preprocessor 1/1, model 2/25 (predictions)
i Fold01: preprocessor 1/1, model 3/25
i Fold01: preprocessor 1/1, model 3/25 (predictions)
i Fold01: preprocessor 1/1, model 4/25
i Fold01: preprocessor 1/1, model 4/25 (predictions)
i Fold01: preprocessor 1/1, model 5/25
i Fold01: preprocessor 1/1, model 5/25 (predictions)
i Fold01: preprocessor 1/1, model 6/25
i Fold01: preprocessor 1/1, model 6/25 (predictions)
i Fold01: preprocessor 1/1, model 7/25
i Fold01: preprocessor 1/1, model 7/25 (predictions)
i Fold01: preprocessor 1/1, model 8/25
i Fold01: preprocessor 1/1, model 8/25 (predictions)
i Fold01: preprocessor 1/1, model 9/25
i Fold01: preprocessor 1/1, model 9/25 (predictions)
i Fold01: preprocessor 1/1, model 10/25
i Fold01: preprocessor 1/1, model 10/25 (predictions)
i Fold01: preprocessor 1/1, model 11/25
i Fold01: preprocessor 1/1, model 11/25 (predictions)
i Fold01: preprocessor 1/1, model 12/25
i Fold01: preprocessor 1/1, model 12/25 (predictions)
i Fold01: preprocessor 1/1, model 13/25
i Fold01: preprocessor 1/1, model 13/25 (predictions)
i Fold01: preprocessor 1/1, model 14/25
i Fold01: preprocessor 1/1, model 14/25 (predictions)
i Fold01: preprocessor 1/1, model 15/25
i Fold01: preprocessor 1/1, model 15/25 (predictions)
i Fold01: preprocessor 1/1, model 16/25
i Fold01: preprocessor 1/1, model 16/25 (predictions)
i Fold01: preprocessor 1/1, model 17/25
i Fold01: preprocessor 1/1, model 17/25 (predictions)
i Fold01: preprocessor 1/1, model 18/25
i Fold01: preprocessor 1/1, model 18/25 (predictions)
i Fold01: preprocessor 1/1, model 19/25
i Fold01: preprocessor 1/1, model 19/25 (predictions)
i Fold01: preprocessor 1/1, model 20/25
i Fold01: preprocessor 1/1, model 20/25 (predictions)
i Fold01: preprocessor 1/1, model 21/25
i Fold01: preprocessor 1/1, model 21/25 (predictions)
i Fold01: preprocessor 1/1, model 22/25
i Fold01: preprocessor 1/1, model 22/25 (predictions)
i Fold01: preprocessor 1/1, model 23/25
i Fold01: preprocessor 1/1, model 23/25 (predictions)
i Fold01: preprocessor 1/1, model 24/25
i Fold01: preprocessor 1/1, model 24/25 (predictions)
i Fold01: preprocessor 1/1, model 25/25
i Fold01: preprocessor 1/1, model 25/25 (predictions)
i Fold02: preprocessor 1/1
i Fold02: preprocessor 1/1, model 1/25
i Fold02: preprocessor 1/1, model 1/25 (predictions)
i Fold02: preprocessor 1/1, model 2/25
i Fold02: preprocessor 1/1, model 2/25 (predictions)
i Fold02: preprocessor 1/1, model 3/25
i Fold02: preprocessor 1/1, model 3/25 (predictions)
i Fold02: preprocessor 1/1, model 4/25
i Fold02: preprocessor 1/1, model 4/25 (predictions)
i Fold02: preprocessor 1/1, model 5/25
i Fold02: preprocessor 1/1, model 5/25 (predictions)
i Fold02: preprocessor 1/1, model 6/25
i Fold02: preprocessor 1/1, model 6/25 (predictions)
i Fold02: preprocessor 1/1, model 7/25
i Fold02: preprocessor 1/1, model 7/25 (predictions)
i Fold02: preprocessor 1/1, model 8/25
i Fold02: preprocessor 1/1, model 8/25 (predictions)
i Fold02: preprocessor 1/1, model 9/25
i Fold02: preprocessor 1/1, model 9/25 (predictions)
i Fold02: preprocessor 1/1, model 10/25
i Fold02: preprocessor 1/1, model 10/25 (predictions)
i Fold02: preprocessor 1/1, model 11/25
i Fold02: preprocessor 1/1, model 11/25 (predictions)
i Fold02: preprocessor 1/1, model 12/25
i Fold02: preprocessor 1/1, model 12/25 (predictions)
i Fold02: preprocessor 1/1, model 13/25
i Fold02: preprocessor 1/1, model 13/25 (predictions)
i Fold02: preprocessor 1/1, model 14/25
i Fold02: preprocessor 1/1, model 14/25 (predictions)
i Fold02: preprocessor 1/1, model 15/25
i Fold02: preprocessor 1/1, model 15/25 (predictions)
i Fold02: preprocessor 1/1, model 16/25
i Fold02: preprocessor 1/1, model 16/25 (predictions)
i Fold02: preprocessor 1/1, model 17/25
i Fold02: preprocessor 1/1, model 17/25 (predictions)
i Fold02: preprocessor 1/1, model 18/25
i Fold02: preprocessor 1/1, model 18/25 (predictions)
i Fold02: preprocessor 1/1, model 19/25
i Fold02: preprocessor 1/1, model 19/25 (predictions)
i Fold02: preprocessor 1/1, model 20/25
i Fold02: preprocessor 1/1, model 20/25 (predictions)
i Fold02: preprocessor 1/1, model 21/25
i Fold02: preprocessor 1/1, model 21/25 (predictions)
i Fold02: preprocessor 1/1, model 22/25
i Fold02: preprocessor 1/1, model 22/25 (predictions)
i Fold02: preprocessor 1/1, model 23/25
i Fold02: preprocessor 1/1, model 23/25 (predictions)
i Fold02: preprocessor 1/1, model 24/25
i Fold02: preprocessor 1/1, model 24/25 (predictions)
i Fold02: preprocessor 1/1, model 25/25
i Fold02: preprocessor 1/1, model 25/25 (predictions)
i Fold03: preprocessor 1/1
i Fold03: preprocessor 1/1, model 1/25
i Fold03: preprocessor 1/1, model 1/25 (predictions)
i Fold03: preprocessor 1/1, model 2/25
i Fold03: preprocessor 1/1, model 2/25 (predictions)
i Fold03: preprocessor 1/1, model 3/25
i Fold03: preprocessor 1/1, model 3/25 (predictions)
i Fold03: preprocessor 1/1, model 4/25
i Fold03: preprocessor 1/1, model 4/25 (predictions)
i Fold03: preprocessor 1/1, model 5/25
i Fold03: preprocessor 1/1, model 5/25 (predictions)
i Fold03: preprocessor 1/1, model 6/25
i Fold03: preprocessor 1/1, model 6/25 (predictions)
i Fold03: preprocessor 1/1, model 7/25
i Fold03: preprocessor 1/1, model 7/25 (predictions)
i Fold03: preprocessor 1/1, model 8/25
i Fold03: preprocessor 1/1, model 8/25 (predictions)
i Fold03: preprocessor 1/1, model 9/25
i Fold03: preprocessor 1/1, model 9/25 (predictions)
i Fold03: preprocessor 1/1, model 10/25
i Fold03: preprocessor 1/1, model 10/25 (predictions)
i Fold03: preprocessor 1/1, model 11/25
i Fold03: preprocessor 1/1, model 11/25 (predictions)
i Fold03: preprocessor 1/1, model 12/25
i Fold03: preprocessor 1/1, model 12/25 (predictions)
i Fold03: preprocessor 1/1, model 13/25
i Fold03: preprocessor 1/1, model 13/25 (predictions)
i Fold03: preprocessor 1/1, model 14/25
i Fold03: preprocessor 1/1, model 14/25 (predictions)
i Fold03: preprocessor 1/1, model 15/25
i Fold03: preprocessor 1/1, model 15/25 (predictions)
i Fold03: preprocessor 1/1, model 16/25
i Fold03: preprocessor 1/1, model 16/25 (predictions)
i Fold03: preprocessor 1/1, model 17/25
i Fold03: preprocessor 1/1, model 17/25 (predictions)
i Fold03: preprocessor 1/1, model 18/25
i Fold03: preprocessor 1/1, model 18/25 (predictions)
i Fold03: preprocessor 1/1, model 19/25
i Fold03: preprocessor 1/1, model 19/25 (predictions)
i Fold03: preprocessor 1/1, model 20/25
i Fold03: preprocessor 1/1, model 20/25 (predictions)
i Fold03: preprocessor 1/1, model 21/25
i Fold03: preprocessor 1/1, model 21/25 (predictions)
i Fold03: preprocessor 1/1, model 22/25
i Fold03: preprocessor 1/1, model 22/25 (predictions)
i Fold03: preprocessor 1/1, model 23/25
i Fold03: preprocessor 1/1, model 23/25 (predictions)
i Fold03: preprocessor 1/1, model 24/25
i Fold03: preprocessor 1/1, model 24/25 (predictions)
i Fold03: preprocessor 1/1, model 25/25
i Fold03: preprocessor 1/1, model 25/25 (predictions)
i Fold04: preprocessor 1/1
i Fold04: preprocessor 1/1, model 1/25
i Fold04: preprocessor 1/1, model 1/25 (predictions)
i Fold04: preprocessor 1/1, model 2/25
i Fold04: preprocessor 1/1, model 2/25 (predictions)
i Fold04: preprocessor 1/1, model 3/25
i Fold04: preprocessor 1/1, model 3/25 (predictions)
i Fold04: preprocessor 1/1, model 4/25
i Fold04: preprocessor 1/1, model 4/25 (predictions)
i Fold04: preprocessor 1/1, model 5/25
i Fold04: preprocessor 1/1, model 5/25 (predictions)
i Fold04: preprocessor 1/1, model 6/25
i Fold04: preprocessor 1/1, model 6/25 (predictions)
i Fold04: preprocessor 1/1, model 7/25
i Fold04: preprocessor 1/1, model 7/25 (predictions)
i Fold04: preprocessor 1/1, model 8/25
i Fold04: preprocessor 1/1, model 8/25 (predictions)
i Fold04: preprocessor 1/1, model 9/25
i Fold04: preprocessor 1/1, model 9/25 (predictions)
i Fold04: preprocessor 1/1, model 10/25
i Fold04: preprocessor 1/1, model 10/25 (predictions)
i Fold04: preprocessor 1/1, model 11/25
i Fold04: preprocessor 1/1, model 11/25 (predictions)
i Fold04: preprocessor 1/1, model 12/25
i Fold04: preprocessor 1/1, model 12/25 (predictions)
i Fold04: preprocessor 1/1, model 13/25
i Fold04: preprocessor 1/1, model 13/25 (predictions)
i Fold04: preprocessor 1/1, model 14/25
i Fold04: preprocessor 1/1, model 14/25 (predictions)
i Fold04: preprocessor 1/1, model 15/25
i Fold04: preprocessor 1/1, model 15/25 (predictions)
i Fold04: preprocessor 1/1, model 16/25
i Fold04: preprocessor 1/1, model 16/25 (predictions)
i Fold04: preprocessor 1/1, model 17/25
i Fold04: preprocessor 1/1, model 17/25 (predictions)
i Fold04: preprocessor 1/1, model 18/25
i Fold04: preprocessor 1/1, model 18/25 (predictions)
i Fold04: preprocessor 1/1, model 19/25
i Fold04: preprocessor 1/1, model 19/25 (predictions)
i Fold04: preprocessor 1/1, model 20/25
i Fold04: preprocessor 1/1, model 20/25 (predictions)
i Fold04: preprocessor 1/1, model 21/25
i Fold04: preprocessor 1/1, model 21/25 (predictions)
i Fold04: preprocessor 1/1, model 22/25
i Fold04: preprocessor 1/1, model 22/25 (predictions)
i Fold04: preprocessor 1/1, model 23/25
i Fold04: preprocessor 1/1, model 23/25 (predictions)
i Fold04: preprocessor 1/1, model 24/25
i Fold04: preprocessor 1/1, model 24/25 (predictions)
i Fold04: preprocessor 1/1, model 25/25
i Fold04: preprocessor 1/1, model 25/25 (predictions)
i Fold05: preprocessor 1/1
i Fold05: preprocessor 1/1, model 1/25
i Fold05: preprocessor 1/1, model 1/25 (predictions)
i Fold05: preprocessor 1/1, model 2/25
i Fold05: preprocessor 1/1, model 2/25 (predictions)
i Fold05: preprocessor 1/1, model 3/25
i Fold05: preprocessor 1/1, model 3/25 (predictions)
i Fold05: preprocessor 1/1, model 4/25
i Fold05: preprocessor 1/1, model 4/25 (predictions)
i Fold05: preprocessor 1/1, model 5/25
i Fold05: preprocessor 1/1, model 5/25 (predictions)
i Fold05: preprocessor 1/1, model 6/25
i Fold05: preprocessor 1/1, model 6/25 (predictions)
i Fold05: preprocessor 1/1, model 7/25
i Fold05: preprocessor 1/1, model 7/25 (predictions)
i Fold05: preprocessor 1/1, model 8/25
i Fold05: preprocessor 1/1, model 8/25 (predictions)
i Fold05: preprocessor 1/1, model 9/25
i Fold05: preprocessor 1/1, model 9/25 (predictions)
i Fold05: preprocessor 1/1, model 10/25
i Fold05: preprocessor 1/1, model 10/25 (predictions)
i Fold05: preprocessor 1/1, model 11/25
i Fold05: preprocessor 1/1, model 11/25 (predictions)
i Fold05: preprocessor 1/1, model 12/25
i Fold05: preprocessor 1/1, model 12/25 (predictions)
i Fold05: preprocessor 1/1, model 13/25
i Fold05: preprocessor 1/1, model 13/25 (predictions)
i Fold05: preprocessor 1/1, model 14/25
i Fold05: preprocessor 1/1, model 14/25 (predictions)
i Fold05: preprocessor 1/1, model 15/25
i Fold05: preprocessor 1/1, model 15/25 (predictions)
i Fold05: preprocessor 1/1, model 16/25
i Fold05: preprocessor 1/1, model 16/25 (predictions)
i Fold05: preprocessor 1/1, model 17/25
i Fold05: preprocessor 1/1, model 17/25 (predictions)
i Fold05: preprocessor 1/1, model 18/25
i Fold05: preprocessor 1/1, model 18/25 (predictions)
i Fold05: preprocessor 1/1, model 19/25
i Fold05: preprocessor 1/1, model 19/25 (predictions)
i Fold05: preprocessor 1/1, model 20/25
i Fold05: preprocessor 1/1, model 20/25 (predictions)
i Fold05: preprocessor 1/1, model 21/25
i Fold05: preprocessor 1/1, model 21/25 (predictions)
i Fold05: preprocessor 1/1, model 22/25
i Fold05: preprocessor 1/1, model 22/25 (predictions)
i Fold05: preprocessor 1/1, model 23/25
i Fold05: preprocessor 1/1, model 23/25 (predictions)
i Fold05: preprocessor 1/1, model 24/25
i Fold05: preprocessor 1/1, model 24/25 (predictions)
i Fold05: preprocessor 1/1, model 25/25
i Fold05: preprocessor 1/1, model 25/25 (predictions)
i Fold06: preprocessor 1/1
i Fold06: preprocessor 1/1, model 1/25
i Fold06: preprocessor 1/1, model 1/25 (predictions)
i Fold06: preprocessor 1/1, model 2/25
i Fold06: preprocessor 1/1, model 2/25 (predictions)
i Fold06: preprocessor 1/1, model 3/25
i Fold06: preprocessor 1/1, model 3/25 (predictions)
i Fold06: preprocessor 1/1, model 4/25
i Fold06: preprocessor 1/1, model 4/25 (predictions)
i Fold06: preprocessor 1/1, model 5/25
i Fold06: preprocessor 1/1, model 5/25 (predictions)
i Fold06: preprocessor 1/1, model 6/25
i Fold06: preprocessor 1/1, model 6/25 (predictions)
i Fold06: preprocessor 1/1, model 7/25
i Fold06: preprocessor 1/1, model 7/25 (predictions)
i Fold06: preprocessor 1/1, model 8/25
i Fold06: preprocessor 1/1, model 8/25 (predictions)
i Fold06: preprocessor 1/1, model 9/25
i Fold06: preprocessor 1/1, model 9/25 (predictions)
i Fold06: preprocessor 1/1, model 10/25
i Fold06: preprocessor 1/1, model 10/25 (predictions)
i Fold06: preprocessor 1/1, model 11/25
i Fold06: preprocessor 1/1, model 11/25 (predictions)
i Fold06: preprocessor 1/1, model 12/25
i Fold06: preprocessor 1/1, model 12/25 (predictions)
i Fold06: preprocessor 1/1, model 13/25
i Fold06: preprocessor 1/1, model 13/25 (predictions)
i Fold06: preprocessor 1/1, model 14/25
i Fold06: preprocessor 1/1, model 14/25 (predictions)
i Fold06: preprocessor 1/1, model 15/25
i Fold06: preprocessor 1/1, model 15/25 (predictions)
i Fold06: preprocessor 1/1, model 16/25
i Fold06: preprocessor 1/1, model 16/25 (predictions)
i Fold06: preprocessor 1/1, model 17/25
i Fold06: preprocessor 1/1, model 17/25 (predictions)
i Fold06: preprocessor 1/1, model 18/25
i Fold06: preprocessor 1/1, model 18/25 (predictions)
i Fold06: preprocessor 1/1, model 19/25
i Fold06: preprocessor 1/1, model 19/25 (predictions)
i Fold06: preprocessor 1/1, model 20/25
i Fold06: preprocessor 1/1, model 20/25 (predictions)
i Fold06: preprocessor 1/1, model 21/25
i Fold06: preprocessor 1/1, model 21/25 (predictions)
i Fold06: preprocessor 1/1, model 22/25
i Fold06: preprocessor 1/1, model 22/25 (predictions)
i Fold06: preprocessor 1/1, model 23/25
i Fold06: preprocessor 1/1, model 23/25 (predictions)
i Fold06: preprocessor 1/1, model 24/25
i Fold06: preprocessor 1/1, model 24/25 (predictions)
i Fold06: preprocessor 1/1, model 25/25
i Fold06: preprocessor 1/1, model 25/25 (predictions)
i Fold07: preprocessor 1/1
i Fold07: preprocessor 1/1, model 1/25
i Fold07: preprocessor 1/1, model 1/25 (predictions)
i Fold07: preprocessor 1/1, model 2/25
i Fold07: preprocessor 1/1, model 2/25 (predictions)
i Fold07: preprocessor 1/1, model 3/25
i Fold07: preprocessor 1/1, model 3/25 (predictions)
i Fold07: preprocessor 1/1, model 4/25
i Fold07: preprocessor 1/1, model 4/25 (predictions)
i Fold07: preprocessor 1/1, model 5/25
i Fold07: preprocessor 1/1, model 5/25 (predictions)
i Fold07: preprocessor 1/1, model 6/25
i Fold07: preprocessor 1/1, model 6/25 (predictions)
i Fold07: preprocessor 1/1, model 7/25
i Fold07: preprocessor 1/1, model 7/25 (predictions)
i Fold07: preprocessor 1/1, model 8/25
i Fold07: preprocessor 1/1, model 8/25 (predictions)
i Fold07: preprocessor 1/1, model 9/25
i Fold07: preprocessor 1/1, model 9/25 (predictions)
i Fold07: preprocessor 1/1, model 10/25
i Fold07: preprocessor 1/1, model 10/25 (predictions)
i Fold07: preprocessor 1/1, model 11/25
i Fold07: preprocessor 1/1, model 11/25 (predictions)
i Fold07: preprocessor 1/1, model 12/25
i Fold07: preprocessor 1/1, model 12/25 (predictions)
i Fold07: preprocessor 1/1, model 13/25
i Fold07: preprocessor 1/1, model 13/25 (predictions)
i Fold07: preprocessor 1/1, model 14/25
i Fold07: preprocessor 1/1, model 14/25 (predictions)
i Fold07: preprocessor 1/1, model 15/25
i Fold07: preprocessor 1/1, model 15/25 (predictions)
i Fold07: preprocessor 1/1, model 16/25
i Fold07: preprocessor 1/1, model 16/25 (predictions)
i Fold07: preprocessor 1/1, model 17/25
i Fold07: preprocessor 1/1, model 17/25 (predictions)
i Fold07: preprocessor 1/1, model 18/25
i Fold07: preprocessor 1/1, model 18/25 (predictions)
i Fold07: preprocessor 1/1, model 19/25
i Fold07: preprocessor 1/1, model 19/25 (predictions)
i Fold07: preprocessor 1/1, model 20/25
i Fold07: preprocessor 1/1, model 20/25 (predictions)
i Fold07: preprocessor 1/1, model 21/25
i Fold07: preprocessor 1/1, model 21/25 (predictions)
i Fold07: preprocessor 1/1, model 22/25
i Fold07: preprocessor 1/1, model 22/25 (predictions)
i Fold07: preprocessor 1/1, model 23/25
i Fold07: preprocessor 1/1, model 23/25 (predictions)
i Fold07: preprocessor 1/1, model 24/25
i Fold07: preprocessor 1/1, model 24/25 (predictions)
i Fold07: preprocessor 1/1, model 25/25
i Fold07: preprocessor 1/1, model 25/25 (predictions)
i Fold08: preprocessor 1/1
i Fold08: preprocessor 1/1, model 1/25
i Fold08: preprocessor 1/1, model 1/25 (predictions)
i Fold08: preprocessor 1/1, model 2/25
i Fold08: preprocessor 1/1, model 2/25 (predictions)
i Fold08: preprocessor 1/1, model 3/25
i Fold08: preprocessor 1/1, model 3/25 (predictions)
i Fold08: preprocessor 1/1, model 4/25
i Fold08: preprocessor 1/1, model 4/25 (predictions)
i Fold08: preprocessor 1/1, model 5/25
i Fold08: preprocessor 1/1, model 5/25 (predictions)
i Fold08: preprocessor 1/1, model 6/25
i Fold08: preprocessor 1/1, model 6/25 (predictions)
i Fold08: preprocessor 1/1, model 7/25
i Fold08: preprocessor 1/1, model 7/25 (predictions)
i Fold08: preprocessor 1/1, model 8/25
i Fold08: preprocessor 1/1, model 8/25 (predictions)
i Fold08: preprocessor 1/1, model 9/25
i Fold08: preprocessor 1/1, model 9/25 (predictions)
i Fold08: preprocessor 1/1, model 10/25
i Fold08: preprocessor 1/1, model 10/25 (predictions)
i Fold08: preprocessor 1/1, model 11/25
i Fold08: preprocessor 1/1, model 11/25 (predictions)
i Fold08: preprocessor 1/1, model 12/25
i Fold08: preprocessor 1/1, model 12/25 (predictions)
i Fold08: preprocessor 1/1, model 13/25
i Fold08: preprocessor 1/1, model 13/25 (predictions)
i Fold08: preprocessor 1/1, model 14/25
i Fold08: preprocessor 1/1, model 14/25 (predictions)
i Fold08: preprocessor 1/1, model 15/25
i Fold08: preprocessor 1/1, model 15/25 (predictions)
i Fold08: preprocessor 1/1, model 16/25
i Fold08: preprocessor 1/1, model 16/25 (predictions)
i Fold08: preprocessor 1/1, model 17/25
i Fold08: preprocessor 1/1, model 17/25 (predictions)
i Fold08: preprocessor 1/1, model 18/25
i Fold08: preprocessor 1/1, model 18/25 (predictions)
i Fold08: preprocessor 1/1, model 19/25
i Fold08: preprocessor 1/1, model 19/25 (predictions)
i Fold08: preprocessor 1/1, model 20/25
i Fold08: preprocessor 1/1, model 20/25 (predictions)
i Fold08: preprocessor 1/1, model 21/25
i Fold08: preprocessor 1/1, model 21/25 (predictions)
i Fold08: preprocessor 1/1, model 22/25
i Fold08: preprocessor 1/1, model 22/25 (predictions)
i Fold08: preprocessor 1/1, model 23/25
i Fold08: preprocessor 1/1, model 23/25 (predictions)
i Fold08: preprocessor 1/1, model 24/25
i Fold08: preprocessor 1/1, model 24/25 (predictions)
i Fold08: preprocessor 1/1, model 25/25
i Fold08: preprocessor 1/1, model 25/25 (predictions)
i Fold09: preprocessor 1/1
i Fold09: preprocessor 1/1, model 1/25
i Fold09: preprocessor 1/1, model 1/25 (predictions)
i Fold09: preprocessor 1/1, model 2/25
i Fold09: preprocessor 1/1, model 2/25 (predictions)
i Fold09: preprocessor 1/1, model 3/25
i Fold09: preprocessor 1/1, model 3/25 (predictions)
i Fold09: preprocessor 1/1, model 4/25
i Fold09: preprocessor 1/1, model 4/25 (predictions)
i Fold09: preprocessor 1/1, model 5/25
i Fold09: preprocessor 1/1, model 5/25 (predictions)
i Fold09: preprocessor 1/1, model 6/25
i Fold09: preprocessor 1/1, model 6/25 (predictions)
i Fold09: preprocessor 1/1, model 7/25
i Fold09: preprocessor 1/1, model 7/25 (predictions)
i Fold09: preprocessor 1/1, model 8/25
i Fold09: preprocessor 1/1, model 8/25 (predictions)
i Fold09: preprocessor 1/1, model 9/25
i Fold09: preprocessor 1/1, model 9/25 (predictions)
i Fold09: preprocessor 1/1, model 10/25
i Fold09: preprocessor 1/1, model 10/25 (predictions)
i Fold09: preprocessor 1/1, model 11/25
i Fold09: preprocessor 1/1, model 11/25 (predictions)
i Fold09: preprocessor 1/1, model 12/25
i Fold09: preprocessor 1/1, model 12/25 (predictions)
i Fold09: preprocessor 1/1, model 13/25
i Fold09: preprocessor 1/1, model 13/25 (predictions)
i Fold09: preprocessor 1/1, model 14/25
i Fold09: preprocessor 1/1, model 14/25 (predictions)
i Fold09: preprocessor 1/1, model 15/25
i Fold09: preprocessor 1/1, model 15/25 (predictions)
i Fold09: preprocessor 1/1, model 16/25
i Fold09: preprocessor 1/1, model 16/25 (predictions)
i Fold09: preprocessor 1/1, model 17/25
i Fold09: preprocessor 1/1, model 17/25 (predictions)
i Fold09: preprocessor 1/1, model 18/25
i Fold09: preprocessor 1/1, model 18/25 (predictions)
i Fold09: preprocessor 1/1, model 19/25
i Fold09: preprocessor 1/1, model 19/25 (predictions)
i Fold09: preprocessor 1/1, model 20/25
i Fold09: preprocessor 1/1, model 20/25 (predictions)
i Fold09: preprocessor 1/1, model 21/25
i Fold09: preprocessor 1/1, model 21/25 (predictions)
i Fold09: preprocessor 1/1, model 22/25
i Fold09: preprocessor 1/1, model 22/25 (predictions)
i Fold09: preprocessor 1/1, model 23/25
i Fold09: preprocessor 1/1, model 23/25 (predictions)
i Fold09: preprocessor 1/1, model 24/25
i Fold09: preprocessor 1/1, model 24/25 (predictions)
i Fold09: preprocessor 1/1, model 25/25
i Fold09: preprocessor 1/1, model 25/25 (predictions)
i Fold10: preprocessor 1/1
i Fold10: preprocessor 1/1, model 1/25
i Fold10: preprocessor 1/1, model 1/25 (predictions)
i Fold10: preprocessor 1/1, model 2/25
i Fold10: preprocessor 1/1, model 2/25 (predictions)
i Fold10: preprocessor 1/1, model 3/25
i Fold10: preprocessor 1/1, model 3/25 (predictions)
i Fold10: preprocessor 1/1, model 4/25
i Fold10: preprocessor 1/1, model 4/25 (predictions)
i Fold10: preprocessor 1/1, model 5/25
i Fold10: preprocessor 1/1, model 5/25 (predictions)
i Fold10: preprocessor 1/1, model 6/25
i Fold10: preprocessor 1/1, model 6/25 (predictions)
i Fold10: preprocessor 1/1, model 7/25
i Fold10: preprocessor 1/1, model 7/25 (predictions)
i Fold10: preprocessor 1/1, model 8/25
i Fold10: preprocessor 1/1, model 8/25 (predictions)
i Fold10: preprocessor 1/1, model 9/25
i Fold10: preprocessor 1/1, model 9/25 (predictions)
i Fold10: preprocessor 1/1, model 10/25
i Fold10: preprocessor 1/1, model 10/25 (predictions)
i Fold10: preprocessor 1/1, model 11/25
i Fold10: preprocessor 1/1, model 11/25 (predictions)
i Fold10: preprocessor 1/1, model 12/25
i Fold10: preprocessor 1/1, model 12/25 (predictions)
i Fold10: preprocessor 1/1, model 13/25
i Fold10: preprocessor 1/1, model 13/25 (predictions)
i Fold10: preprocessor 1/1, model 14/25
i Fold10: preprocessor 1/1, model 14/25 (predictions)
i Fold10: preprocessor 1/1, model 15/25
i Fold10: preprocessor 1/1, model 15/25 (predictions)
i Fold10: preprocessor 1/1, model 16/25
i Fold10: preprocessor 1/1, model 16/25 (predictions)
i Fold10: preprocessor 1/1, model 17/25
i Fold10: preprocessor 1/1, model 17/25 (predictions)
i Fold10: preprocessor 1/1, model 18/25
i Fold10: preprocessor 1/1, model 18/25 (predictions)
i Fold10: preprocessor 1/1, model 19/25
i Fold10: preprocessor 1/1, model 19/25 (predictions)
i Fold10: preprocessor 1/1, model 20/25
i Fold10: preprocessor 1/1, model 20/25 (predictions)
i Fold10: preprocessor 1/1, model 21/25
i Fold10: preprocessor 1/1, model 21/25 (predictions)
i Fold10: preprocessor 1/1, model 22/25
i Fold10: preprocessor 1/1, model 22/25 (predictions)
i Fold10: preprocessor 1/1, model 23/25
i Fold10: preprocessor 1/1, model 23/25 (predictions)
i Fold10: preprocessor 1/1, model 24/25
i Fold10: preprocessor 1/1, model 24/25 (predictions)
i Fold10: preprocessor 1/1, model 25/25
i Fold10: preprocessor 1/1, model 25/25 (predictions)

========= Finished Successfully =========
# A tibble: 1 × 3
   mtry min_n .config         
  <int> <int> <chr>           
1     6    20 pre0_mod20_post0
